<?xml version="1.0" encoding="UTF-8"?>
<!-- Generated by org.testng.reporters.JUnitReportReporter -->
<testsuite hostname="George" failures="0" tests="1" name="SaucedemoTest" time="6.505" errors="0" timestamp="2023-06-19T23:22:04 IST" skipped="0">
  <testcase classname="SaucedemoTest" name="EnterPrice" time="6.505"/>
  <system-out/>
</testsuite> <!-- SaucedemoTest -->
