<?xml version="1.0" encoding="UTF-8"?>
<!-- Generated by org.testng.reporters.JUnitReportReporter -->
<testsuite hostname="George" failures="0" tests="3" name="CRM.LoginTest" time="13.310" errors="0" timestamp="2023-06-20T19:25:55 IST" skipped="0">
  <testcase classname="CRM.LoginTest" name="enterCredential1" time="13.031"/>
  <system-out/>
  <testcase classname="CRM.LoginTest" name="loginLogo" time="0.105"/>
  <system-out/>
  <testcase classname="CRM.LoginTest" name="loginPageTitle" time="0.174"/>
  <system-out/>
</testsuite> <!-- CRM.LoginTest -->
